<?xml version="1.0" encoding="UTF-8"?>
<testng-results ignored="0" total="1" passed="1" failed="0" skipped="0">
  <reporter-output>
  </reporter-output>
  <suite started-at="2023-07-12T10:38:13 IST" name="Default suite" finished-at="2023-07-12T10:38:13 IST" duration-ms="33">
    <groups>
    </groups>
    <test started-at="2023-07-12T10:38:13 IST" name="Default test" finished-at="2023-07-12T10:38:13 IST" duration-ms="33">
      <class name="Practice.Demo">
        <test-method signature="a1()[pri:0, instance:Practice.Demo@61df66b6]" started-at="2023-07-12T10:38:13 IST" name="a1" finished-at="2023-07-12T10:38:13 IST" duration-ms="8" status="PASS">
          <reporter-output>
          </reporter-output>
        </test-method> <!-- a1 -->
      </class> <!-- Practice.Demo -->
    </test> <!-- Default test -->
  </suite> <!-- Default suite -->
</testng-results>
